c:\github_program_design\tbs-game-design\project-v0.0\proj.win32\project-v0.0.dir\debug\helloworldscene.obj
c:\github_program_design\tbs-game-design\project-v0.0\proj.win32\project-v0.0.dir\debug\appdelegate.obj
c:\github_program_design\tbs-game-design\project-v0.0\proj.win32\project-v0.0.dir\debug\precheader.obj
c:\github_program_design\tbs-game-design\project-v0.0\proj.win32\project-v0.0.dir\debug\main.obj
c:\github_program_design\tbs-game-design\project-v0.0\proj.win32\project-v0.0.dir\debug\vc143.pdb
c:\github_program_design\tbs-game-design\project-v0.0\proj.win32\cmakefiles\generate.stamp
c:\github_program_design\tbs-game-design\project-v0.0\proj.win32\project-v0.0.dir\debug\project-v0.0.ilk
c:\github_program_design\tbs-game-design\project-v0.0\proj.win32\bin\project-v0.0\debug\project-v0.0.exe
c:\github_program_design\tbs-game-design\project-v0.0\proj.win32\bin\project-v0.0\debug\project-v0.0.pdb
c:\github_program_design\tbs-game-design\project-v0.0\proj.win32\debug\project-v0.0.lib
c:\github_program_design\tbs-game-design\project-v0.0\proj.win32\debug\project-v0.0.exp
c:\github_program_design\tbs-game-design\project-v0.0\proj.win32\project-v0.0.dir\debug\game.res
c:\github_program_design\tbs-game-design\project-v0.0\proj.win32\project-v0.0.dir\debug\project-v0.0.tlog\cl.2112.write.1.tlog
c:\github_program_design\tbs-game-design\project-v0.0\proj.win32\project-v0.0.dir\debug\project-v0.0.tlog\cl.command.1.tlog
c:\github_program_design\tbs-game-design\project-v0.0\proj.win32\project-v0.0.dir\debug\project-v0.0.tlog\cl.items.tlog
c:\github_program_design\tbs-game-design\project-v0.0\proj.win32\project-v0.0.dir\debug\project-v0.0.tlog\cl.read.1.tlog
c:\github_program_design\tbs-game-design\project-v0.0\proj.win32\project-v0.0.dir\debug\project-v0.0.tlog\custombuild.command.1.tlog
c:\github_program_design\tbs-game-design\project-v0.0\proj.win32\project-v0.0.dir\debug\project-v0.0.tlog\custombuild.read.1.tlog
c:\github_program_design\tbs-game-design\project-v0.0\proj.win32\project-v0.0.dir\debug\project-v0.0.tlog\custombuild.write.1.tlog
c:\github_program_design\tbs-game-design\project-v0.0\proj.win32\project-v0.0.dir\debug\project-v0.0.tlog\link.command.1.tlog
c:\github_program_design\tbs-game-design\project-v0.0\proj.win32\project-v0.0.dir\debug\project-v0.0.tlog\link.read.1.tlog
c:\github_program_design\tbs-game-design\project-v0.0\proj.win32\project-v0.0.dir\debug\project-v0.0.tlog\link.write.1.tlog
c:\github_program_design\tbs-game-design\project-v0.0\proj.win32\project-v0.0.dir\debug\project-v0.0.tlog\link.write.2u.tlog
c:\github_program_design\tbs-game-design\project-v0.0\proj.win32\project-v0.0.dir\debug\project-v0.0.tlog\rc.command.1.tlog
c:\github_program_design\tbs-game-design\project-v0.0\proj.win32\project-v0.0.dir\debug\project-v0.0.tlog\rc.read.1.tlog
c:\github_program_design\tbs-game-design\project-v0.0\proj.win32\project-v0.0.dir\debug\project-v0.0.tlog\rc.write.1.tlog
